<?xml version="1.0" encoding="UTF-8"?>
<!-- Generated by org.testng.reporters.JUnitReportReporter -->
<testsuite hostname="Vinz-MacBook-Pro.local" failures="0" tests="1" name="demo.BookingTestChrome" time="13.748" errors="0" timestamp="11 Dec 2017 07:10:35 GMT" skipped="0">
  <testcase classname="demo.BookingTestChrome" name="TicketInforCheck" time="13.748"/>
</testsuite> <!-- demo.BookingTestChrome -->
