<?xml version="1.0" encoding="UTF-8"?>
<!-- Generated by org.testng.reporters.JUnitReportReporter -->
<testsuite hostname="Vinz-MacBook-Pro.local" failures="0" tests="1" name="demo.BookingTest" time="14.354" errors="0" timestamp="12 Dec 2017 09:48:19 GMT" skipped="0">
  <testcase classname="demo.BookingTest" name="TicketInforCheck" time="14.354"/>
</testsuite> <!-- demo.BookingTest -->
