<?xml version="1.0" encoding="UTF-8"?>
<!-- Generated by org.testng.reporters.JUnitReportReporter -->
<testsuite hostname="Vinz-MacBook-Pro.local" failures="0" tests="1" name="demo.BookingTest" time="14.932" errors="0" timestamp="13 Dec 2017 06:16:03 GMT" skipped="0">
  <testcase classname="demo.BookingTest" name="TicketInforCheck" time="14.932"/>
</testsuite> <!-- demo.BookingTest -->
