<?xml version="1.0" encoding="UTF-8"?>
<testsuite name="demo.BookingTest" tests="1" skipped="0" failures="0" errors="0" timestamp="2017-12-14T02:07:43" hostname="Vinz-MacBook-Pro.local" time="10.286">
  <properties/>
  <testcase name="TicketInforCheck" classname="demo.BookingTest" time="10.286"/>
  <system-out><![CDATA[]]></system-out>
  <system-err><![CDATA[Starting ChromeDriver 2.33.506106 (8a06c39c4582fbfbab6966dbb1c38a9173bfb1a2) on port 18950
Only local connections are allowed.
Dec 14, 2017 9:07:41 AM org.openqa.selenium.remote.ProtocolHandshake createSession
INFO: Detected dialect: OSS
]]></system-err>
</testsuite>
