<?xml version="1.0" encoding="UTF-8"?>
<testsuite name="demo.BookingTestChrome" tests="1" skipped="0" failures="0" errors="0" timestamp="2017-12-11T07:10:20" hostname="Vinz-MacBook-Pro.local" time="9.269">
  <properties/>
  <testcase name="TicketInforCheck" classname="demo.BookingTestChrome" time="9.269"/>
  <system-out><![CDATA[demo.TicketInfor Object {
  userName: null
  passWord: null
  firstName: null
  lastName: null
  creditNum: null
  flightType: null
  passCountSelect: null
  outFlightPortSelect: null
  outFlightMonth: null
  outFlightDate: null
  inFlightPortSelect: null
  inFlightMonth: null
  inFlightDate: null
  flightClassSelect: null
  airline: null
  outFlightSelect: null
  inFlightSelect: null
  billAddress: null
  billCity: null
  billState: null
  billPostal: null
  delAddress: null
  delCity: null
  delState: null
  delPostal: null
  outFlightPort: Acapulco to Frankfurt
  outFlightName: 1/1/2017 @ 5:03 w/ Blue Skies Airlines 360
  outFlightClass: Business
  outFlightPrice: $270 each
  inFlightPort: Frankfurt to Acapulco
  inFlightName: 2/2/2017 @ 12:23 w/ Blue Skies Airlines 630
  inFlightClass: Business
  inFlightPrice: $270 each
  passCount: 1 passenger
  billAdd: Ly Tu Trong

Ho Chi Minh, HCM, 700000
  delAdd: Ly Tu Trong

Ho Chi Minh, HCM, 700000
  tax: $44 USD
  totalPrice: $584 USD
}]]></system-out>
  <system-err><![CDATA[Starting ChromeDriver 2.33.506106 (8a06c39c4582fbfbab6966dbb1c38a9173bfb1a2) on port 43017
Only local connections are allowed.
Dec 11, 2017 2:10:18 PM org.openqa.selenium.remote.ProtocolHandshake createSession
INFO: Detected dialect: OSS
]]></system-err>
</testsuite>
